[INFO  - 2018-06-15T20:32:15.934Z] GhostDriver - Main - running on port 53863
[INFO  - 2018-06-15T20:32:18.067Z] Session [32674ea0-70db-11e8-8fbe-5f44413b00b6] - page.settings - {"XSSAuditingEnabled":false,"javascriptCanCloseWindows":true,"javascriptCanOpenWindows":true,"javascriptEnabled":true,"loadImages":true,"localToRemoteUrlAccessEnabled":false,"userAgent":"Mozilla/5.0 (Windows NT 6.2; WOW64) AppleWebKit/538.1 (KHTML, like Gecko) PhantomJS/2.1.1 Safari/538.1","webSecurityEnabled":true}
[INFO  - 2018-06-15T20:32:18.067Z] Session [32674ea0-70db-11e8-8fbe-5f44413b00b6] - page.customHeaders:  - {}
[INFO  - 2018-06-15T20:32:18.067Z] Session [32674ea0-70db-11e8-8fbe-5f44413b00b6] - Session.negotiatedCapabilities - {"browserName":"phantomjs","version":"2.1.1","driverName":"ghostdriver","driverVersion":"1.2.0","platform":"windows-10-32bit","javascriptEnabled":true,"takesScreenshot":true,"handlesAlerts":false,"databaseEnabled":false,"locationContextEnabled":false,"applicationCacheEnabled":false,"browserConnectionEnabled":false,"cssSelectorsEnabled":true,"webStorageEnabled":false,"rotatable":false,"acceptSslCerts":false,"nativeEvents":true,"proxy":{"proxyType":"direct"}}
[INFO  - 2018-06-15T20:32:18.067Z] SessionManagerReqHand - _postNewSessionCommand - New Session Created: 32674ea0-70db-11e8-8fbe-5f44413b00b6
[ERROR - 2018-06-15T20:32:21.624Z] Session [32674ea0-70db-11e8-8fbe-5f44413b00b6] - page.onError - msg: TagError: adsbygoogle.push() error: No slot size for availableWidth=0

  phantomjs://platform/console++.js:263 in error
[ERROR - 2018-06-15T20:32:21.624Z] Session [32674ea0-70db-11e8-8fbe-5f44413b00b6] - page.onError - stack:
  cf (https://pagead2.googlesyndication.com/pagead/js/adsbygoogle.js:1)
  Xg (https://pagead2.googlesyndication.com/pagead/js/adsbygoogle.js:1)
  dh (https://pagead2.googlesyndication.com/pagead/js/adsbygoogle.js:1)
  eh (https://pagead2.googlesyndication.com/pagead/js/adsbygoogle.js:1)
  mh (https://pagead2.googlesyndication.com/pagead/js/adsbygoogle.js:1)
  (anonymous function) (https://pagead2.googlesyndication.com/pagead/js/adsbygoogle.js:1)
  gd (https://pagead2.googlesyndication.com/pagead/js/adsbygoogle.js:1)
  nd (https://pagead2.googlesyndication.com/pagead/js/adsbygoogle.js:1)
  nh (https://pagead2.googlesyndication.com/pagead/js/adsbygoogle.js:1)

  phantomjs://platform/console++.js:263 in error
[ERROR - 2018-06-15T20:32:21.625Z] Session [32674ea0-70db-11e8-8fbe-5f44413b00b6] - page.onError - msg: TagError: adsbygoogle.push() error:[INFO  - 2018-06-15T20:32:44.723Z] SessionManagerReqHand - _cleanupWindowlessSessions - Asynchronous Sessions clean-up phase starting NOW
0-70db-11e8-8fbe-5f44413b00b6] - page.onError - stack:
  cf (https://pagead2.googlesyndication.com/pagead/js/adsbygoogle.js:1)
  Xg (https://pagead2.googlesyndication.com/pagead/js/adsbygoogle.js:1)
  dh (https://pagead2.googlesyndication.com/pagead/js/adsbygoogle.js:1)
  eh (https://pagead2.googlesyndication.com/pagead/js/adsbygoogle.js:1)
  mh (https://pagead2.googlesyndication.com/pagead/js/adsbygoogle.js:1)
  (anonymous function) (https://pagead2.googlesyndication.com/pagead/js/adsbygoogle.js:1)
  gd (https://pagead2.googlesyndication.com/pagead/js/adsbygoogle.js:1)
  nd (https://pagead2.googlesyndication.com/pagead/js/adsbygoogle.js:1)
  nh (https://pagead2.googlesyndication.com/pagead/js/adsbygoogle.js:1)

  phantomjs://platform/console++.js:263 in error
